<?xml version="1.0" encoding="UTF-8"?>
<testsuites name="jest tests" tests="5" failures="0" time="2.524">
  <testsuite name="cn" errors="0" failures="0" skipped="0" timestamp="2019-07-14T05:00:03" time="0.907" tests="3">
    <testcase classname="cn 接受一个cn" name="cn 接受一个cn" time="0.003">
    </testcase>
    <testcase classname="cn 接受2个cn" name="cn 接受2个cn" time="0.001">
    </testcase>
    <testcase classname="cn 接受2个cn" name="cn 接受2个cn" time="0">
    </testcase>
  </testsuite>
  <testsuite name="icon测试" errors="0" failures="0" skipped="0" timestamp="2019-07-14T05:00:03" time="0.976" tests="2">
    <testcase classname="icon测试 测试UI组件" name="icon测试 测试UI组件" time="0.014">
    </testcase>
    <testcase classname="icon测试 测试onclick⌚️" name="icon测试 测试onclick⌚️" time="0.037">
    </testcase>
  </testsuite>
</testsuites>